[2024-01-30 05:10:18] Throwable: SQLSTATE[42S22]: Column not found: 1054 Unknown column 'f.RequestDirection' in 'field list'
[2024-01-30 05:10:18] Throwable: SQLSTATE[42S22]: Column not found: 1054 Unknown column 'f.RequestDirection' in 'field list'
File: C:\xampp\htdocs\viceNet\classes\viceNet\viceNetFunction\FriendFunction.php
Line: 27
Stack Trace: 
#0 C:\xampp\htdocs\viceNet\classes\viceNet\viceNetFunction\FriendFunction.php(27): PDOStatement->execute(Array)
#1 C:\xampp\htdocs\viceNet\classes\viceNet\viceNetFunction\FriendFunction.php(57): viceNetFunction\FriendFunction->executeStatement('SELECT\r\n       ...', Array)
#2 C:\xampp\htdocs\viceNet\classes\viceNet\Friend.php(17): viceNetFunction\FriendFunction->getFriend('503aad17-86ef-4...')
#3 C:\xampp\htdocs\viceNet\script\getFriendData.php(31): viceNet\Friend->getFriend('503aad17-86ef-4...')
#4 C:\xampp\htdocs\viceNet\script\getFriendData.php(18): handleSendFriendData('503aad17-86ef-4...')
#5 {main}
[2024-01-30 06:10:55] Throwable: SQLSTATE[HY093]: Invalid parameter number: parameter was not defined
[2024-01-30 06:10:55] Throwable: SQLSTATE[HY093]: Invalid parameter number: parameter was not defined
File: C:\xampp\htdocs\viceNet\classes\viceNet\viceNetFunction\FriendFunction.php
Line: 27
Stack Trace: 
#0 C:\xampp\htdocs\viceNet\classes\viceNet\viceNetFunction\FriendFunction.php(27): PDOStatement->execute(Array)
#1 C:\xampp\htdocs\viceNet\classes\viceNet\viceNetFunction\FriendFunction.php(98): viceNetFunction\FriendFunction->executeStatement('INSERT INTO `re...', Array)
#2 C:\xampp\htdocs\viceNet\classes\viceNet\Friend.php(21): viceNetFunction\FriendFunction->sendRequest('14ee9805-ede0-4...', '503aad17-86ef-4...')
#3 C:\xampp\htdocs\viceNet\controller\friendController.php(37): viceNet\Friend->sendRequest('14ee9805-ede0-4...', '503aad17-86ef-4...')
#4 C:\xampp\htdocs\viceNet\controller\friendController.php(19): handleSendRequest(Object(viceNet\Friend), '14ee9805-ede0-4...', '503aad17-86ef-4...')
#5 {main}
[2024-01-30 06:11:06] Throwable: SQLSTATE[HY093]: Invalid parameter number: parameter was not defined
[2024-01-30 06:11:06] Throwable: SQLSTATE[HY093]: Invalid parameter number: parameter was not defined
File: C:\xampp\htdocs\viceNet\classes\viceNet\viceNetFunction\FriendFunction.php
Line: 27
Stack Trace: 
#0 C:\xampp\htdocs\viceNet\classes\viceNet\viceNetFunction\FriendFunction.php(27): PDOStatement->execute(Array)
#1 C:\xampp\htdocs\viceNet\classes\viceNet\viceNetFunction\FriendFunction.php(98): viceNetFunction\FriendFunction->executeStatement('INSERT INTO `re...', Array)
#2 C:\xampp\htdocs\viceNet\classes\viceNet\Friend.php(21): viceNetFunction\FriendFunction->sendRequest('14ee9805-ede0-4...', '503aad17-86ef-4...')
#3 C:\xampp\htdocs\viceNet\controller\friendController.php(37): viceNet\Friend->sendRequest('14ee9805-ede0-4...', '503aad17-86ef-4...')
#4 C:\xampp\htdocs\viceNet\controller\friendController.php(19): handleSendRequest(Object(viceNet\Friend), '14ee9805-ede0-4...', '503aad17-86ef-4...')
#5 {main}
[2024-01-30 06:11:11] Throwable: SQLSTATE[HY093]: Invalid parameter number: parameter was not defined
[2024-01-30 06:11:11] Throwable: SQLSTATE[HY093]: Invalid parameter number: parameter was not defined
File: C:\xampp\htdocs\viceNet\classes\viceNet\viceNetFunction\FriendFunction.php
Line: 27
Stack Trace: 
#0 C:\xampp\htdocs\viceNet\classes\viceNet\viceNetFunction\FriendFunction.php(27): PDOStatement->execute(Array)
#1 C:\xampp\htdocs\viceNet\classes\viceNet\viceNetFunction\FriendFunction.php(98): viceNetFunction\FriendFunction->executeStatement('INSERT INTO `re...', Array)
#2 C:\xampp\htdocs\viceNet\classes\viceNet\Friend.php(21): viceNetFunction\FriendFunction->sendRequest('14ee9805-ede0-4...', '503aad17-86ef-4...')
#3 C:\xampp\htdocs\viceNet\controller\friendController.php(37): viceNet\Friend->sendRequest('14ee9805-ede0-4...', '503aad17-86ef-4...')
#4 C:\xampp\htdocs\viceNet\controller\friendController.php(19): handleSendRequest(Object(viceNet\Friend), '14ee9805-ede0-4...', '503aad17-86ef-4...')
#5 {main}
[2024-01-30 06:20:23] Throwable: SQLSTATE[HY093]: Invalid parameter number: number of bound variables does not match number of tokens
[2024-01-30 06:20:23] Throwable: SQLSTATE[HY093]: Invalid parameter number: number of bound variables does not match number of tokens
File: C:\xampp\htdocs\viceNet\classes\viceNet\viceNetFunction\FriendFunction.php
Line: 27
Stack Trace: 
#0 C:\xampp\htdocs\viceNet\classes\viceNet\viceNetFunction\FriendFunction.php(27): PDOStatement->execute(Array)
#1 C:\xampp\htdocs\viceNet\classes\viceNet\viceNetFunction\FriendFunction.php(105): viceNetFunction\FriendFunction->executeStatement('DELETE FROM `re...', Array)
#2 C:\xampp\htdocs\viceNet\classes\viceNet\Friend.php(21): viceNetFunction\FriendFunction->sendRequest('14ee9805-ede0-4...', '503aad17-86ef-4...')
#3 C:\xampp\htdocs\viceNet\controller\friendController.php(37): viceNet\Friend->sendRequest('14ee9805-ede0-4...', '503aad17-86ef-4...')
#4 C:\xampp\htdocs\viceNet\controller\friendController.php(19): handleSendRequest(Object(viceNet\Friend), '14ee9805-ede0-4...', '503aad17-86ef-4...')
#5 {main}
[2024-01-30 06:20:28] Throwable: SQLSTATE[HY093]: Invalid parameter number: number of bound variables does not match number of tokens
[2024-01-30 06:20:28] Throwable: SQLSTATE[HY093]: Invalid parameter number: number of bound variables does not match number of tokens
File: C:\xampp\htdocs\viceNet\classes\viceNet\viceNetFunction\FriendFunction.php
Line: 27
Stack Trace: 
#0 C:\xampp\htdocs\viceNet\classes\viceNet\viceNetFunction\FriendFunction.php(27): PDOStatement->execute(Array)
#1 C:\xampp\htdocs\viceNet\classes\viceNet\viceNetFunction\FriendFunction.php(105): viceNetFunction\FriendFunction->executeStatement('DELETE FROM `re...', Array)
#2 C:\xampp\htdocs\viceNet\classes\viceNet\Friend.php(21): viceNetFunction\FriendFunction->sendRequest('14ee9805-ede0-4...', '503aad17-86ef-4...')
#3 C:\xampp\htdocs\viceNet\controller\friendController.php(37): viceNet\Friend->sendRequest('14ee9805-ede0-4...', '503aad17-86ef-4...')
#4 C:\xampp\htdocs\viceNet\controller\friendController.php(19): handleSendRequest(Object(viceNet\Friend), '14ee9805-ede0-4...', '503aad17-86ef-4...')
#5 {main}
[2024-01-30 07:26:26] Throwable: SQLSTATE[42000]: Syntax error or access violation: 1064 You have an error in your SQL syntax; check the manual that corresponds to your MariaDB server version for the right syntax to use near '= '503aad17-86ef-4146-8d29-13396aeb02c6'' at line 19
[2024-01-30 07:26:26] Throwable: SQLSTATE[42000]: Syntax error or access violation: 1064 You have an error in your SQL syntax; check the manual that corresponds to your MariaDB server version for the right syntax to use near '= '503aad17-86ef-4146-8d29-13396aeb02c6'' at line 19
File: C:\xampp\htdocs\viceNet\classes\viceNet\viceNetFunction\FriendFunction.php
Line: 27
Stack Trace: 
#0 C:\xampp\htdocs\viceNet\classes\viceNet\viceNetFunction\FriendFunction.php(27): PDOStatement->execute(Array)
#1 C:\xampp\htdocs\viceNet\classes\viceNet\viceNetFunction\FriendFunction.php(59): viceNetFunction\FriendFunction->executeStatement('SELECT\r\n       ...', Array)
#2 C:\xampp\htdocs\viceNet\classes\viceNet\Friend.php(17): viceNetFunction\FriendFunction->getFriend('503aad17-86ef-4...')
#3 C:\xampp\htdocs\viceNet\script\getFriendData.php(31): viceNet\Friend->getFriend('503aad17-86ef-4...')
#4 C:\xampp\htdocs\viceNet\script\getFriendData.php(18): handleSendFriendData('503aad17-86ef-4...')
#5 {main}
